Generated at 2017-12-05 01:12:42 +0530
SyntaxError: /root/chef-repo/.chef/local-mode-cache/cache/cookbooks/apache2-cookbook/recipes/default.rb:20: syntax error, unexpected tIDENTIFIER, expecting keyword_end
content 'alias='ls -ltr''
                  ^
/root/chef-repo/.chef/local-mode-cache/cache/cookbooks/apache2-cookbook/recipes/default.rb:20: syntax error, unexpected tSTRING_BEG, expecting keyword_do or '{' or '('
content 'alias='ls -ltr''
                        ^
/root/chef-repo/.chef/local-mode-cache/cache/cookbooks/apache2-cookbook/recipes/default.rb:22: syntax error, unexpected keyword_end, expecting end-of-input
/opt/chefdk/embedded/lib/ruby/gems/2.4.0/gems/chef-13.6.4/lib/chef/mixin/from_file.rb:30:in `instance_eval'
/opt/chefdk/embedded/lib/ruby/gems/2.4.0/gems/chef-13.6.4/lib/chef/mixin/from_file.rb:30:in `from_file'
/opt/chefdk/embedded/lib/ruby/gems/2.4.0/gems/chef-13.6.4/lib/chef/cookbook_version.rb:205:in `load_recipe'
/opt/chefdk/embedded/lib/ruby/gems/2.4.0/gems/chef-13.6.4/lib/chef/run_context.rb:343:in `load_recipe'
/opt/chefdk/embedded/lib/ruby/gems/2.4.0/gems/chef-13.6.4/lib/chef/run_context/cookbook_compiler.rb:163:in `block in compile_recipes'
/opt/chefdk/embedded/lib/ruby/gems/2.4.0/gems/chef-13.6.4/lib/chef/run_context/cookbook_compiler.rb:160:in `each'
/opt/chefdk/embedded/lib/ruby/gems/2.4.0/gems/chef-13.6.4/lib/chef/run_context/cookbook_compiler.rb:160:in `compile_recipes'
/opt/chefdk/embedded/lib/ruby/gems/2.4.0/gems/chef-13.6.4/lib/chef/run_context/cookbook_compiler.rb:77:in `compile'
/opt/chefdk/embedded/lib/ruby/gems/2.4.0/gems/chef-13.6.4/lib/chef/run_context.rb:192:in `load'
/opt/chefdk/embedded/lib/ruby/gems/2.4.0/gems/chef-13.6.4/lib/chef/policy_builder/expand_node_object.rb:97:in `setup_run_context'
/opt/chefdk/embedded/lib/ruby/gems/2.4.0/gems/chef-13.6.4/lib/chef/client.rb:513:in `setup_run_context'
/opt/chefdk/embedded/lib/ruby/gems/2.4.0/gems/chef-13.6.4/lib/chef/client.rb:281:in `run'
/opt/chefdk/embedded/lib/ruby/gems/2.4.0/gems/chef-13.6.4/lib/chef/application.rb:291:in `block in fork_chef_client'
/opt/chefdk/embedded/lib/ruby/gems/2.4.0/gems/chef-13.6.4/lib/chef/application.rb:279:in `fork'
/opt/chefdk/embedded/lib/ruby/gems/2.4.0/gems/chef-13.6.4/lib/chef/application.rb:279:in `fork_chef_client'
/opt/chefdk/embedded/lib/ruby/gems/2.4.0/gems/chef-13.6.4/lib/chef/application.rb:244:in `block in run_chef_client'
/opt/chefdk/embedded/lib/ruby/gems/2.4.0/gems/chef-13.6.4/lib/chef/local_mode.rb:44:in `with_server_connectivity'
/opt/chefdk/embedded/lib/ruby/gems/2.4.0/gems/chef-13.6.4/lib/chef/application.rb:232:in `run_chef_client'
/opt/chefdk/embedded/lib/ruby/gems/2.4.0/gems/chef-13.6.4/lib/chef/application/client.rb:469:in `sleep_then_run_chef_client'
/opt/chefdk/embedded/lib/ruby/gems/2.4.0/gems/chef-13.6.4/lib/chef/application/client.rb:458:in `block in interval_run_chef_client'
/opt/chefdk/embedded/lib/ruby/gems/2.4.0/gems/chef-13.6.4/lib/chef/application/client.rb:457:in `loop'
/opt/chefdk/embedded/lib/ruby/gems/2.4.0/gems/chef-13.6.4/lib/chef/application/client.rb:457:in `interval_run_chef_client'
/opt/chefdk/embedded/lib/ruby/gems/2.4.0/gems/chef-13.6.4/lib/chef/application/client.rb:441:in `run_application'
/opt/chefdk/embedded/lib/ruby/gems/2.4.0/gems/chef-13.6.4/lib/chef/application.rb:59:in `run'
/opt/chefdk/embedded/lib/ruby/gems/2.4.0/gems/chef-13.6.4/bin/chef-client:26:in `<top (required)>'
/usr/bin/chef-client:255:in `load'
/usr/bin/chef-client:255:in `<main>'